<?xml version="1.0" encoding="UTF-8"?>
<!-- Generated by org.testng.reporters.JUnitReportReporter -->
<testsuite skipped="0" hostname="User-PC" name="varios.TestNg_Test" tests="1" failures="0" timestamp="2021-07-12T18:31:33 ART" time="22.121" errors="0">
  <testcase name="abrirWeb" time="22.121" classname="varios.TestNg_Test"/>
  <system-out/>
</testsuite> <!-- varios.TestNg_Test -->
