<?xml version="1.0" encoding="UTF-8"?>
<!-- Generated by org.testng.reporters.JUnitReportReporter -->
<testsuite skipped="0" hostname="User-PC" name="varios.BrowserTest" tests="1" failures="0" timestamp="2021-07-12T18:31:33 ART" time="6.430" errors="0">
  <testcase name="abrirWeb" time="6.430" classname="varios.BrowserTest"/>
  <system-out/>
</testsuite> <!-- varios.BrowserTest -->
